1297304506 1892288697 2995463096
1297304506 497 21 375000 1000125
1297303878 577 17 577 17
1297303800 577 17 577 17
1297303500 648 18 797 22
1297303200 743 27 797 49
1297302900 547 49 547 49
1297302600 555 37 578 49
1297302300 578 7 578 7
1297302000 592 18 613 35
1297301700 658 31 779 35
1297301400 728 24 779 34
1297301100 509 34 509 34
1297300800 509 30 512 34
1297300500 505 22 512 23
1297300200 495 23 514 23
1297299900 512 27 514 45
1297299600 504 37 507 45
1297299300 491 8 493 39
1297299000 481 37 482 39
1297298700 482 7 503 36
1297298400 503 35 505 36
1297298100 505 27 505 27
1297297800 526 19 527 27
1297297500 485 11 527 19
1297297200 474 33 483 35
1297296900 475 12 476 35
1297296600 477 21 478 23
1297296300 474 32 478 34
1297296000 484 27 487 34
1297295700 478 10 487 26
1297295400 473 30 476 39
1297295100 478 14 481 39
1297294800 465 29 481 40
1297294500 453 28 458 40
1297294200 487 10 504 23
1297293900 465 28 504 40
1297293600 478 15 492 40
1297293300 461 17 492 23
1297293000 475 32 491 37
1297292700 475 17 491 37
1297292400 471 15 475 22
1297292100 459 12 475 22
1297291800 459 15 469 23
1297291500 444 24 469 25
1297291200 449 11 459 25
1297290900 484 37 487 40
1297290600 480 8 487 40
1297290300 459 19 480 21
1297290000 476 7 479 21
1297289700 472 20 479 23
1297289400 467 22 471 23
1297289100 462 22 467 22
1297288800 458 32 461 36
1297288500 459 15 461 36
1297288200 449 18 461 23
1297287900 440 10 444 23
1297287600 434 15 438 22
1297287300 432 22 433 22
1297287000 446 11 457 22
1297286700 444 14 457 22
1297286400 434 21 436 22
1297286100 431 11 433 21
1297285800 424 5 431 5
1297285500 434 13 445 19
1297285200 462 14 497 19
1297284900 501 13 515 38
1297284600 510 35 515 38
1297284300 491 25 491 25
1297284000 490 22 491 25
1297283700 488 15 488 15
1297283400 487 15 488 15
1297283100 485 15 485 15
1297282800 490 31 506 74
1297282500 496 55 506 74
1297282200 479 10 503 22
1297281900 498 22 503 24
1297281600 486 23 493 24
1297281300 492 26 493 56
1297281000 487 52 502 56
1297280700 500 20 502 21
1297280400 466 7 470 24
1297280100 471 24 487 39
1297279800 487 38 504 39
1297279500 504 22 504 22
1297279200 483 22 504 22
1297278900 474 6 483 22
1297278600 486 34 488 38
1297278300 473 38 488 39
1297278000 474 12 476 39
1297277700 472 28 476 35
1297277400 470 24 471 35
1297277100 456 22 470 23
1297276800 449 21 450 23
1297276500 447 12 449 20
1297276200 450 15 454 21
1297275900 443 21 454 22
1297275600 451 22 465 22
1297275300 448 23 465 25
1297275000 433 13 434 25
1297274700 437 21 438 25
1297274400 477 8 482 25
1297274100 470 19 482 22
1297273800 463 20 468 22
1297273500 472 8 476 20
1297273200 442 45 476 57
1297272900 454 27 459 57
1297272600 471 8 475 21
1297272300 449 29 475 38
1297272000 460 26 468 38
1297271700 468 22 468 22
1297271400 468 31 469 36
1297271100 441 17 469 36
1297270800 450 15 463 20
1297270500 469 31 473 38
1297270200 461 18 473 38
1297269900 460 15 466 23
1297269600 459 21 466 23
1297269300 448 12 455 21
1297269000 453 12 462 19
1297268700 481 17 516 19
1297268400 516 15 516 15
1297268100 532 19 546 23
1297267800 546 23 546 23
1297267500 528 35 546 50
1297267200 508 50 508 50
1297266900 501 33 508 50
1297266600 494 14 494 14
1297266300 494 16 495 22
1297266000 495 22 495 22
1297265700 494 30 495 48
1297265400 493 48 493 48
1297265100 492 39 493 48
1297264800 492 23 492 23
1297264500 491 17 492 23
1297264200 493 14 502 31
1297263900 502 31 502 31
1297263600 503 29 509 31
1297263300 509 25 509 25
1297263000 504 24 509 25
1297262700 492 22 492 22
1297262400 487 16 492 22
1297262100 480 10 488 34
1297261800 488 34 488 34
1297261500 506 29 546 34
1297261200 533 18 546 20
1297260900 494 15 494 15
1297260600 483 16 494 21
1297260300 464 17 484 21
1297260000 485 7 491 7
1297259700 498 20 528 70
1297259400 520 56 528 70
1297259100 494 4 496 6
1297258800 486 7 496 18
1297258500 424 18 444 27
1297258200 444 26 504 27
1297257900 504 14 504 14
1297257600 448 29 504 30
1297257300 477 20 479 30
1297257000 468 22 479 23
1297256700 497 20 502 23
1297256400 448 10 502 20
1297256100 468 34 479 42
1297255800 731 303 835 410
1297255500 1600 581 2056 683
1297255200 1889 595 2056 683
1297254900 1447 838 1782 1038
1297254600 1729 2089 2165 2997
1297254300 2236 2589 2298 2997
1297254000 7626 2250 11432 2257
1297253700 5251 1346 11432 2257
1297253400 1557 890 1584 950
1297253100 4329 873 6185 950
1297252800 6429 1060 6609 1235
1297252500 8292 1101 8705 1235
1297252200 5951 1703 8705 1959
1297251900 4845 1959 4845 1959
1297251600 8046 1795 9271 1959
1297251300 9271 1733 9271 1733
1297251000 7058 1633 9271 1733
1297250700 5832 1579 5832 1579
1297250400 7562 1459 8639 1579
1297250100 8639 1386 8639 1386
1297249800 7573 1335 8639 1386
1297249500 6714 1294 6714 1294
1297249200 5348 1284 6714 1294
1297248900 4154 1276 4154 1276
1297248600 3541 2039 4154 2764
1297248300 2961 2764 2961 2764
1297248000 7156 1957 10877 2764
1297247700 10877 1243 10877 1243
1297247400 12892 1321 15355 1418
1297247100 15355 1418 15355 1418
1297246800 8802 1057 15355 1418
1297246500 1609 662 1609 662
1297246200 1842 698 2086 736
1297245900 2086 736 2086 736
1297245600 3507 934 5391 1197
1297245300 5391 1197 5391 1197
1297245000 20657 1806 45216 2786
1297244700 45216 2786 45216 2786
1297244400 26737 1884 45216 2786
1297244100 1907 673 1907 673
1297243800 2045 785 2269 966
1297243500 2269 966 2269 966
1297243200 2221 934 2269 966
1297242900 2144 883 2144 883
1297242600 2558 998 3285 1200
1297242300 3285 1200 3285 1200
1297242000 2975 1126 3285 1200
1297241700 2285 963 2285 963
1297241400 1970 762 2285 963
1297241100 1379 384 1379 384
1297240800 1603 463 2104 639
1297240500 2104 639 2104 639
1297240200 1818 455 2104 639
1297239900 1351 194 1403 214
1297239600 1216 214 1216 214
1297239300 1252 216 1319 222
1297239000 1310 220 1319 222
1297238700 1276 215 1276 215
1297238400 1333 1250 1446 3292
1297238100 1323 2387 1446 3292
1297237800 1087 171 1259 173
1297237500 1219 184 1259 257
1297237200 1068 272 1125 351
1297236900 1124 331 1125 351
1297236600 1122 259 1123 937
1297236300 1116 925 1213 937
1297236000 1213 514 1213 514
1297235700 1224 2172 1225 2206
1297235400 1192 1207 1225 2206
1297235100 1035 156 1191 1170
1297234800 1081 196 1086 202
1297234500 1071 209 1086 211
1297234200 1045 173 1070 211
1297233900 959 168 1042 169
1297233600 1066 203 1096 212
1297233300 976 138 1096 212
1297233000 1093 226 1144 263
1297232700 1015 217 1144 263
1297232400 1012 157 1031 202
1297232100 1033 187 1035 211
1297231800 977 157 1035 211
1297231500 1004 165 1043 191
1297231200 1069 197 1086 202
1297230900 986 171 1086 202
1297230600 1028 157 1105 163
1297230300 1059 173 1105 181
1297230000 1040 168 1053 181
1297229700 1262 169 1386 177
1297229400 1363 276 1386 292
1297229100 1376 276 1380 278
1297228800 1272 235 1273 285
1297228500 1272 286 1417 346
1297228200 1415 345 1417 346
1297227900 1289 320 1289 320
1297227600 1332 265 1333 320
1297227300 1175 268 1333 269
1297227000 1364 376 1380 385
1297226700 1274 258 1380 385
1297226400 1238 272 1268 275
1297226100 1270 305 1275 310
1297225800 1303 268 1308 310
1297225500 1243 304 1308 313
1297225200 1308 271 1332 313
1297224900 1245 245 1332 259
1297224600 1255 297 1271 320
1297224300 1385 341 1439 351
1297224000 1358 267 1439 351
1297223700 1330 262 1346 294
1297223400 1361 295 1371 297
1297223100 1243 244 1371 297
1297222800 1261 293 1332 347
1297222500 1295 271 1332 347
1297222200 1331 245 1426 251
1297221900 1407 254 1426 303
1297221600 1348 301 1361 303
1297221300 1316 312 1350 363
1297221000 1347 361 1350 363
1297220700 1335 345 1336 352
1297220400 1352 618 1522 3864
1297220100 1522 3864 1522 3864
1297219800 1422 454 1529 3864
1297219500 1529 442 1529 442
1297219200 1431 342 1529 442
1297218900 4931 3625 5264 3937
1297218600 1839 691 5264 3937
1297218300 1314 272 1343 281
1297218000 1324 335 1328 349
1297217700 1287 307 1328 349
1297217400 1377 288 1412 294
1297217100 5741 708 7656 896
1297216800 3270 1220 7656 1375
1297216500 1246 574 1278 1375
1297216200 1139 172 1278 220
1297215900 1049 194 1083 217
1297215600 1026 165 1031 217
1297215300 1115 150 1177 165
1297215000 1078 143 1177 165
1297214700 924 134 1003 139
1297214400 879 181 881 231
1297214100 877 231 877 231
1297213800 942 177 954 231
1297213500 954 169 954 169
1297213200 894 279 954 316
1297212900 875 316 875 316
1297212600 843 257 875 316
1297212300 829 230 829 230
1297212000 869 191 882 230
1297211700 882 180 882 180
1297211400 822 157 882 180
1297211100 804 151 804 151
1297210800 801 154 804 156
1297210500 801 156 801 156
1297210200 833 170 850 178
1297209900 850 178 850 178
1297209600 820 167 850 178
1297209300 807 163 807 163
1297209000 791 162 807 163
1297208700 785 162 785 162
1297208400 812 170 828 175
1297208100 828 175 828 175
1297207800 804 162 828 175
1297207500 784 152 784 152
1297207200 807 182 830 212
1297206900 830 212 830 212
1297206600 800 191 830 212
1297206300 788 183 788 183
1297206000 809 199 822 209
1297205700 822 209 822 209
1297205400 819 185 822 209
1297205100 818 166 818 166
1297204800 811 187 818 203
1297204500 806 203 806 203
1297204200 831 190 851 203
1297203900 851 181 851 181
1297203600 816 176 851 181
1297203300 794 174 794 174
1297203000 809 159 822 174
1297202700 822 149 822 149
1297202400 825 167 829 185
1297202100 829 185 829 185
1297201800 838 197 846 207
1297201500 846 207 846 207
1297201200 829 185 846 207
1297200900 815 167 815 167
1297200600 810 162 815 167
1297200300 807 159 807 159
1297200000 824 192 845 231
1297199700 845 231 845 231
1297199400 836 209 845 231
1297199100 828 187 828 187
1297198800 797 160 828 187
1297198500 764 130 773 135
1297198200 773 135 773 135
1297197900 766 142 773 154
1297197600 772 175 831 255
1297197300 831 255 831 255
1297197000 808 207 831 255
1297196700 770 122 810 201
1297196400 810 201 810 201
1297196100 801 191 810 201
1297195800 833 178 1033 210
1297195500 1033 210 1033 210
1297195200 955 189 1033 210
1297194900 783 144 812 150
1297194600 795 140 812 150
1297194300 750 121 813 189
1297194000 813 189 817 189
1297193700 814 190 817 200
1297193400 799 194 815 200
1297193100 810 161 815 164
1297192800 769 163 778 164
1297192500 778 160 818 275
1297192200 818 275 818 275
1297191900 801 160 818 275
1297191600 736 108 801 157
1297191300 754 204 759 221
1297191000 795 222 803 223
1297190700 730 151 803 223
1297190400 713 148 717 150
1297190100 708 119 713 150
1297189800 725 185 731 207
1297189500 755 211 763 213
1297189200 750 126 763 213
1297188900 725 149 747 166
1297188600 755 176 768 180
1297188300 6638 131145 8997 183776
1297188000 3530 62579 8997 183776
1297187700 674 123 714 145
1297187400 688 171 713 211
1297187100 683 171 713 211
1297186800 658 167 666 182
1297186500 639 160 653 182
1297186200 621 132 630 144
1297185900 631 134 642 141
1297185600 618 128 642 141
1297185300 659 147 694 184
1297185000 698 180 715 184
1297184700 715 167 715 167
1297184400 693 155 715 167
1297184100 648 134 652 147
1297183800 670 168 740 246
1297183500 730 229 740 246
1297183200 684 153 685 154
1297182900 678 151 681 154
1297182600 658 137 660 155
1297182300 652 159 763 218
1297182000 763 218 763 218
1297181700 651 117 651 117
1297181400 700 176 703 179
1297181100 645 130 703 179
1297180800 701 169 707 174
1297180500 710 253 711 263
1297180200 656 150 711 263
1297179900 684 175 693 186
1297179600 673 125 693 186
1297179300 666 175 667 201
1297179000 714 203 735 205
1297178700 676 143 735 205
1297178400 662 136 672 150
1297178100 668 158 672 164
1297177800 671 154 675 164
1297177500 678 154 681 158
1297177200 674 173 681 185
1297176900 675 159 680 185
1297176600 645 130 680 140
1297176300 660 133 688 141
1297176000 635 135 688 141
1297175700 684 147 693 149
1297175400 749 157 764 160
1297175100 764 160 764 160
1297174800 764 160 764 160
1297174500 812 199 822 207
1297174200 822 207 822 207
1297173900 822 207 822 207
1297173600 793 163 822 207
1297173300 780 142 780 142
1297173000 780 142 780 142
1297172700 785 133 790 142
1297172400 790 128 790 128
1297172100 790 128 790 128
1297171800 786 149 790 156
1297171500 785 156 785 156
1297171200 785 156 785 156
1297170900 753 147 785 156
1297170600 738 144 738 144
1297170300 774 164 786 171
1297170000 786 171 786 171
1297169700 1949 217 3052 261
1297169400 3052 261 3052 261
1297169100 2208 3354 3052 7807
1297168800 994 7807 994 7807
1297168500 962 5956 994 7807
1297168200 866 304 866 304
1297167900 879 313 961 370
1297167600 961 370 961 370
1297167300 958 369 961 370
1297167000 929 364 929 364
1297166700 929 364 929 364
1297166400 884 297 929 364
1297166100 880 291 880 291
1297165800 1103 310 1148 314
1297165500 1148 314 1148 314
1297165200 1006 400 1148 430
1297164900 959 430 959 430
1297164600 937 356 959 430
1297164300 925 311 925 311
1297164000 10945 621 18202 846
1297163700 18202 846 18202 846
1297163400 26920 1431 38016 2177
1297163100 38016 2177 38016 2177
1297162800 26080 1611 38016 2177
1297162500 5946 721 10702 1166
1297162200 10702 1166 10702 1166
1297161900 7331 870 10702 1166
1297161600 991 305 1031 314
1297161300 1467 364 5259 1112
1297161000 5259 1112 5259 1112
1297160700 1398 367 5259 1112
1297160400 2612 426 2649 429
1297160100 1544 406 2649 429
1297159800 2398 524 2483 536
1297159500 1698 402 2483 536
1297159200 1576 401 1615 404
1297158900 2250 577 2417 620
1297158600 2969 659 3163 673
1297158300 5569 685 6553 691
1297158000 3635 658 6553 691
1297157700 3069 705 3665 743
1297157400 12099 822 19001 888
1297157100 9561 681 19001 888
1297156800 1871 496 2144 519
1297156500 4961 911 7509 1246
1297156200 6719 1138 7509 1246
1297155900 4804 920 6156 1062
1297155600 4239 1029 4886 1257
1297155300 3711 982 4886 1257
1297155000 2046 523 2506 701
1297154700 1633 392 1686 438
1297154400 2780 738 3790 1016
1297154100 3340 832 3790 1016
1297153800 21738 1208 39358 1728
1297153500 93705 1998 144547 2251
1297153200 92484 1502 144547 2251
1297152900 22455 553 44426 812
1297152600 46294 906 90962 1503
1297152300 44839 884 90962 1503
1297152000 1653 311 1692 316
1297151700 1637 307 1657 316
1297151400 1826 323 2005 350
1297151100 1900 353 2005 357
1297150800 1736 323 1793 357
1297150500 1667 295 1679 302
1297150200 1633 304 1655 306
1297149900 1659 308 1704 310
1297149600 1808 1178 1899 1939
1297149300 1856 1115 1899 1939
1297149000 4571 503 7217 635
1297148700 4535 499 7217 635
1297148400 1741 480 1777 606
1297148100 1746 755 1777 898
1297147800 2518 884 3308 898
1297147500 2823 734 3308 871
1297147200 3083 642 3846 689
1297146900 4141 1056 4440 1428
1297146600 7487 1766 10618 2115
1297146300 11912 2116 13157 2117
1297146000 8127 1482 13157 2117
1297145700 10369 996 16845 1122
1297145400 18055 1993 19366 2938
1297145100 11059 1871 19366 2938
1297144800 2528 776 2528 776
1297144500 2528 776 2528 776
1297144200 2528 776 2528 776
1297143900 2528 776 2528 776
1297143600 2528 776 2528 776
1297143300 2528 776 2528 776
1297143000 2528 776 2528 776
1297142700 2528 776 2528 776
1297142400 2528 776 2528 776
1297142100 2528 776 2528 776
1297141800 2528 776 2528 776
1297141500 2528 776 2528 776
1297141200 2528 776 2528 776
1297140900 2528 776 2528 776
1297140600 2528 776 2528 776
1297140300 2528 776 2528 776
1297140000 2528 776 2528 776
1297139700 2528 776 2528 776
1297139400 2528 776 2528 776
1297139100 2528 776 2528 776
1297138800 2528 776 2528 776
1297138500 2528 776 2528 776
1297138200 2528 776 2528 776
1297137900 2528 776 2528 776
1297137600 2528 776 2528 776
1297137300 2528 776 2528 776
1297137000 2528 776 2528 776
1297136700 2528 776 2528 776
1297136400 2528 776 2528 776
1297136100 2528 776 2528 776
1297135800 3115 850 3864 945
1297135500 6816 1592 9768 2240
1297135200 7796 41066 9768 85440
1297134900 4724 45667 5543 85440
1297134600 3118 1217 3814 1413
1297134300 2780 936 3166 1012
1297134000 2877 692 3166 862
1297133700 2701 502 2839 521
1297133400 2654 523 2839 571
1297133100 2514 740 2581 922
1297132800 2454 1885 2581 3016
1297132500 4054 2196 6053 3016
1297132200 4987 1123 6053 1260
1297131900 4199 959 4530 980
1297131600 4959 914 5431 939
1297131300 4412 1163 5431 1487
1297131000 4404 1118 5836 1487
1297130700 3523 473 5836 675
1297130400 1124 220 1210 258
1297130100 1111 236 1210 300
1297129800 987 266 1007 300
1297129500 1100 261 1233 294
1297129200 1503 281 1825 294
1297128900 1508 331 1825 408
1297128600 1242 396 1379 408
1297128300 1691 367 2085 382
1297128000 1939 362 2085 379
1297127700 1321 285 1750 379
1297127400 848 172 861 181
1297127100 847 165 861 168
1297126800 789 165 832 168
1297126500 740 154 753 162
1297126200 750 153 753 162
1297125900 743 157 748 162
1297125600 742 157 748 165
1297125300 738 157 748 165
1297125000 792 152 868 157
1297124700 787 150 868 157
1297124400 704 146 732 150
1297124100 783 154 853 161
1297123200 738 155 831 161
1297121400 720 151 732 160
1297119600 723 151 760 166
1297117800 726 149 749 161
1297116000 718 149 749 168
1297114200 715 150 756 177
1297112400 707 151 734 158
1297110600 806 153 1220 159
1297108800 726 153 755 168
1297107000 721 152 760 162
1297105200 723 155 752 160
1297103400 745 150 765 162
1297101600 730 152 752 160
1297099800 731 153 749 163
1297098000 731 151 764 163
1297096200 725 150 754 159
1297094400 758 155 798 162
1297092600 757 150 794 160
1297090800 731 151 767 168
1297089000 729 151 743 159
1297087200 737 155 756 169
1297085400 725 149 749 162
1297083600 729 154 753 163
1297081800 724 152 749 157
1297080000 716 152 732 167
1297078200 708 151 738 161
1297076400 720 154 741 159
1297074600 729 150 750 160
1297072800 717 152 739 161
1297071000 716 152 747 158
1297069200 715 153 728 165
1297067400 714 150 744 163
1297065600 727 154 765 163
1297063800 731 152 765 162
1297062000 718 153 732 171
1297060200 721 151 760 159
1297058400 714 153 757 169
1297056600 715 150 738 160
1297054800 720 155 749 162
1297053000 719 152 759 159
1297051200 729 153 807 165
1297049400 733 151 807 157
1297047600 733 154 749 159
1297045800 721 150 741 159
1297044000 719 150 741 163
1297042200 753 152 794 160
1297040400 723 154 751 169
1297038600 735 150 768 160
1297036800 724 153 740 163
1297035000 725 152 741 158
1297033200 717 150 725 167
1297031400 751 148 851 157
1297029600 702 149 721 173
1297027800 707 150 735 160
1297026000 704 152 727 160
1297024200 790 152 1165 158
1297022400 718 153 830 164
1297020600 707 149 723 155
1297018800 716 155 731 159
1297017000 777 150 907 162
1297015200 718 151 757 161
1297013400 719 152 759 162
1297011600 713 153 739 164
1297009800 702 149 755 158
1297008000 710 152 755 160
1297006200 705 152 719 158
1297004400 706 151 729 170
1297002600 732 150 853 158
1297000800 758 155 853 166
1296999000 737 148 766 160
1296997200 730 153 760 163
1296995400 728 153 760 161
1296993600 709 153 730 164
1296991800 718 151 748 158
1296990000 724 155 749 160
1296988200 714 151 737 163
1296986400 711 152 729 163
1296984600 741 152 785 159
1296982800 722 153 759 165
1296981000 721 150 750 158
1296979200 719 158 747 195
1296977400 719 152 737 158
1296975600 714 151 732 172
1296973800 716 150 751 158
1296972000 722 154 751 160
1296970200 715 151 742 160
1296968400 726 159 759 199
1296966600 714 152 744 159
1296964800 714 152 723 165
1296963000 708 151 726 158
1296961200 713 150 726 160
1296959400 713 159 744 200
1296957600 735 145 775 162
1296955800 697 134 734 152
1296954000 687 137 714 170
1296952200 692 136 727 160
1296950400 696 139 727 155
1296948600 705 136 731 155
1296946800 700 136 731 156
1296945000 701 137 724 155
1296943200 697 143 722 163
1296941400 707 146 734 165
1296939600 707 151 721 162
1296937800 734 152 775 159
1296936000 707 151 716 164
1296934200 707 151 742 156
1296932400 709 154 724 159
1296930600 742 151 892 160
1296928800 719 150 736 166
1296927000 714 154 734 186
1296925200 717 162 736 206
1296923400 706 150 730 162
1296921600 709 151 725 160
1296919800 744 152 765 160
1296918000 728 149 740 163
1296916200 732 150 766 155
1296914400 719 152 752 157
1296912600 726 312 912 2371
1296910800 740 365 912 2371
1296909000 719 152 767 160
1296907200 715 151 749 160
1296905400 715 149 737 154
1296903600 712 151 736 159
1296901800 698 151 722 159
1296900000 701 149 745 162
1296898200 703 151 741 160
1296896400 702 151 741 160
1296894600 701 149 715 161
1296892800 702 150 725 162
1296891000 726 153 757 162
1296889200 717 151 753 164
1296887400 712 150 755 161
1296885600 707 153 755 161
1296883800 708 151 723 160
1296882000 707 150 729 158
1296880200 723 152 773 162
1296878400 719 152 773 160
1296876600 701 149 720 155
1296874800 702 150 720 160
1296873000 712 152 726 160
1296871200 707 147 726 165
1296869400 708 148 732 162
1296867600 700 151 732 163
1296865800 712 149 766 158
1296864000 698 150 742 160
1296862200 694 152 737 160
1296860400 696 154 710 168
1296858600 711 153 788 166
1296856800 781 147 1016 182
1296855000 707 151 723 162
1296853200 674 149 694 155
1296851400 721 153 901 163
1296849600 683 152 721 160
1296847800 684 150 710 156
1296846000 676 153 702 158
1296844200 742 152 1074 161
1296842400 696 149 707 157
1296840600 684 152 710 160
1296838800 693 152 716 160
1296837000 691 151 716 160
1296835200 692 152 706 164
1296833400 680 151 706 164
1296831600 688 151 704 161
1296829800 693 150 720 155
1296828000 687 152 704 162
1296826200 679 152 696 161
1296824400 682 149 703 155
1296822600 691 152 732 161
1296820800 720 153 758 162
1296819000 699 149 735 156
1296817200 708 152 733 159
1296815400 692 151 727 159
1296813600 685 150 727 160
1296811800 684 149 699 162
1296810000 696 152 719 162
1296808200 692 150 714 161
1296806400 685 152 702 156
1296804600 688 152 706 159
1296802800 689 151 709 161
1296801000 679 149 707 155
1296799200 694 225 714 583
1296797400 698 151 780 159
1296795600 688 149 780 154
1296793800 683 151 716 158
1296792000 685 152 716 160
1296790200 685 150 705 159
1296788400 687 153 711 159
1296786600 688 151 711 161
1296784800 689 150 706 161
1296783000 735 151 973 159
1296781200 691 151 719 159
1296779400 698 151 713 161
1296777600 687 148 707 154
1296775800 685 152 692 157
1296774000 679 153 707 176
1296772200 717 149 902 154
1296770400 710 147 902 189
1296768600 691 151 719 159
1296766800 706 150 719 159
1296765000 757 152 970 163
1296763200 702 152 738 162
1296761400 702 151 716 159
1296759600 706 151 725 161
1296757800 774 152 1067 161
1296756000 716 151 741 159
1296754200 710 148 737 160
1296752400 716 151 737 160
1296750600 707 151 724 161
1296748800 718 150 752 156
1296747000 735 153 752 162
1296745200 741 151 774 159
1296743400 736 151 753 155
1296741600 755 151 780 159
1296739800 756 151 783 169
1296738000 739 149 751 155
1296736200 736 152 760 164
1296734400 738 150 755 159
1296732600 746 152 762 160
1296730800 755 150 773 161
1296729000 748 154 773 169
1296727200 747 149 765 158
1296725400 741 151 758 160
1296723600 738 151 754 158
1296721800 732 153 748 170
1296720000 727 149 750 157
1296718200 742 161 799 212
1296716400 711 151 734 160
1296714600 712 149 751 159
1296712800 711 152 729 162
1296711000 716 151 769 158
1296709200 712 150 769 158
1296707400 764 151 1434 161
1296705600 1652 152 1753 160
1296703800 1527 151 1566 162
1296702000 1377 150 1799 163
1296700200 711 151 736 160
1296698400 712 152 739 160
1296696600 745 151 923 161
1296694800 711 151 736 161
1296693000 715 151 734 159
1296691200 703 148 733 158
1296689400 706 153 723 175
1296687600 710 148 721 159
1296685800 739 149 860 162
1296684000 728 151 860 160
1296682200 713 152 739 158
1296680400 703 150 728 158
1296678600 776 150 1006 159
1296676800 724 151 919 160
1296675000 698 150 721 165
1296673200 702 149 719 160
1296671400 806 151 1300 160
1296669600 729 150 761 162
1296667800 719 148 741 162
1296666000 716 152 743 162
1296664200 733 150 790 159
1296662400 891 206 1563 363
1296660600 753 151 778 157
1296658800 730 150 756 159
1296657000 741 150 764 162
1296655200 723 152 749 160
1296653400 719 152 742 159
1296651600 703 149 721 162
1296649800 707 149 721 157
1296648000 710 152 726 161
1296646200 738 150 844 159
1296644400 708 149 735 160
1296642600 717 152 738 162
1296640800 722 151 758 161
1296639000 709 149 735 161
1296637200 708 152 729 161
1296635400 705 151 717 158
1296633600 697 148 714 156
1296631800 703 151 730 158
1296630000 700 152 721 159
1296628200 725 150 786 161
1296626400 719 151 736 159
1296624600 721 151 745 160
1296622800 711 151 738 161
1296621000 717 147 731 160
1296619200 703 150 731 160
1296617400 700 151 720 158
1296615600 709 148 729 157
1296613800 736 151 776 157
1296612000 723 152 757 162
1296610200 731 147 815 154
1296608400 838 150 1217 159
1296606600 700 151 728 160
1296604800 696 148 728 162
1296603000 728 153 807 161
1296601200 714 150 732 161
1296599400 712 150 727 171
1296597600 705 149 716 171
1296595800 701 151 738 159
1296594000 676 150 706 159
1296592200 735 149 995 160
1296590400 692 151 706 160
1296588600 697 152 713 160
1296586800 690 148 713 157
1296585000 723 151 762 158
1296583200 699 151 719 160
1296581400 701 149 737 159
1296579600 699 151 737 160
1296577800 689 151 720 159
1296576000 695 150 720 157
1296574200 698 150 717 160
1296572400 689 151 711 158
1296570600 703 150 724 159
1296568800 721 150 748 158
1296567000 725 152 745 160
1296565200 709 150 730 158
1296563400 706 150 719 160
1296561600 704 152 723 161
1296559800 692 151 712 161
1296558000 684 150 706 158
1296556200 702 150 772 158
1296554400 711 152 772 159
1296552600 691 149 713 155
1296550800 691 150 709 159
1296549000 700 153 728 159
1296547200 699 150 721 156
1296545400 693 150 711 158
1296543600 687 152 716 161
1296541800 686 151 707 158
1296540000 692 152 715 165
1296538200 876 154 1455 164
1296536400 846 154 934 168
1296534600 851 155 901 166
1296532800 866 160 929 169
1296531000 871 158 953 166
1296529200 937 159 1051 166
1296527400 870 158 947 171
1296525600 859 157 918 161
1296523800 856 158 915 171
1296522000 730 150 757 159
1296520200 737 156 844 166
1296518400 729 153 844 159
1296516600 714 155 743 164
1296514800 714 152 730 160
1296513000 732 151 798 187
1296511200 724 151 795 157
1296509400 717 160 768 177
1296507600 709 151 753 155
1296505800 755 152 991 163
1296504000 718 154 749 157
1296502200 714 153 740 168
1296500400 743 150 768 158
1296498600 778 156 909 167
1296496800 750 149 781 158
1296495000 762 154 781 164
1296493200 768 152 797 159
1296491400 771 153 791 164
1296489600 771 152 786 159
1296487800 774 155 787 164
1296486000 772 149 796 154
1296484200 774 154 803 165
1296482400 778 151 802 160
1296480600 769 153 824 163
1296478800 752 150 824 155
1296477000 749 153 781 163
1296475200 746 147 769 154
1296473400 747 155 780 170
1296471600 754 151 867 162
1296469800 966 154 1319 166
1296468000 969 156 1084 166
1296466200 919 158 988 174
1296464400 935 158 1026 162
1296462600 929 158 982 174
1296460800 2171 462 8055 1899
1296459000 13554 1570 34606 2298
1296457200 21707 1499 96319 3528
1296455400 4101 504 29372 2042
1296453600 6308 678 29372 2220
1296451800 1012 169 1236 183
1296450000 1075 168 1259 177
1296448200 1129 169 1291 205
1296446400 1109 166 1169 178
1296444600 1209 164 1304 206
1296442800 1297 190 1496 325
1296441000 1211 166 1301 181
1296439200 1280 162 1467 170
1296437400 843 162 1067 170
1296435600 799 155 838 167
1296433800 768 157 807 168
1296432000 773 154 807 162
1296430200 766 157 784 168
1296428400 792 156 823 162
1296426600 796 152 842 169
1296424800 818 149 859 157
1296423000 779 158 814 185
1296421200 815 152 992 161
1296419400 782 158 797 172
1296417600 705 152 778 162
1296415800 653 159 681 175
1296414000 647 153 668 164
1296412200 751 157 1238 173
1296410400 683 155 730 160
1296408600 677 154 708 176
1296406800 673 155 702 161
1296405000 676 156 693 170
1296403200 674 155 723 163
1296401400 684 157 723 169
1296399600 696 153 720 162
1296397800 703 157 754 179
1296396000 683 152 711 164
1296394200 672 159 713 174
1296392400 661 154 713 165
1296390600 666 157 698 180
1296388800 662 153 695 162
1296387000 664 157 685 169
1296385200 658 156 704 168
1296383400 659 156 674 171
1296381600 652 155 677 161
1296379800 698 156 748 168
1296378000 649 156 684 161
1296376200 660 159 676 172
1296374400 668 152 685 163
1296372600 675 157 697 175
1296370800 663 153 680 160
1296369000 680 159 757 181
1296367200 659 155 683 162
1296365400 658 157 671 174
1296363600 656 156 671 165
1296361800 657 155 682 171
1296360000 661 156 691 165
1296358200 657 156 679 164
1296356400 668 154 692 165
1296354600 657 154 694 168
1296352800 641 147 674 162
1296351000 642 140 668 161
1296349200 638 140 657 160
1296347400 649 139 736 168
1296345600 648 137 736 160
1296343800 638 141 666 181
1296342000 631 138 656 162
1296340200 642 142 700 175
1296338400 653 142 700 166
1296336600 654 154 704 191
1296334800 655 154 673 163
1296333000 718 157 1005 170
1296331200 655 154 746 160
1296329400 657 165 689 185
1296327600 651 161 663 178
1296325800 695 157 898 177
1296324000 665 154 689 162
1296322200 670 158 701 175
1296320400 667 154 686 160
1296318600 676 156 715 177
1296316800 677 155 715 162
1296315000 668 155 688 172
1296313200 669 157 676 166
1296311400 661 155 709 165
1296309600 662 155 682 161
1296307800 663 157 697 175
1296306000 657 153 673 161
1296304200 658 159 686 177
1296302400 649 152 681 162
1296300600 656 159 681 180
1296298800 651 154 664 161
1296297000 665 158 722 176
1296295200 693 155 726 164
1296293400 682 156 717 167
1296291600 670 155 701 164
1296289800 671 156 708 175
1296288000 661 156 688 163
1296286200 662 157 697 166
1296284400 660 152 683 160
1296282600 668 157 699 172
1296280800 661 153 695 162
1296279000 687 159 773 175
1296277200 681 152 773 160
1296275400 669 157 707 171
1296273600 674 152 707 164
1296271800 666 156 695 178
1296270000 663 155 688 165
1296268200 672 156 689 173
1296266400 661 156 682 163
1296264600 684 156 827 167
1296262800 659 154 696 163
1296261000 670 157 694 171
1296259200 656 154 686 164
1296257400 655 158 674 175
1296255600 653 154 676 179
1296253800 691 161 878 180
1296252000 685 147 878 159
1296250200 657 157 717 182
1296248400 649 149 676 159
1296246600 705 158 948 202
1296244800 651 158 689 185
1296243000 647 155 673 172
1296241200 649 159 673 174
1296239400 735 157 997 175
1296237600 658 153 693 162
1296235800 659 157 689 175
1296234000 649 152 670 163
1296232200 657 159 682 168
1296230400 643 153 661 160
1296228600 669 157 704 178
1296226800 663 159 692 195
1296225000 678 165 743 196
1296223200 691 162 743 188
1296221400 671 159 718 189
1296219600 673 162 718 189
1296217800 666 159 700 181
1296216000 666 169 712 211
1296214200 664 163 715 183
1296212400 1931 8844 3619 72209
1296210600 12230 11011 65469 72209
1296208800 9310 753 20243 1759
1296207000 1237 323 2265 696
1296205200 1770 383 5071 693
1296203400 3972 664 10931 946
1296201600 1086 298 1287 715
1296199800 6472 926 12252 2477
1296198000 17956 767 40366 1221
1296196200 6304 638 31433 2686
1296194400 1143 190 1268 246
1296192600 1066 196 1217 247
1296190800 1013 198 1089 253
1296189000 1125 198 1217 246
1296187200 1272 407 1645 1411
1296185400 1340 504 1414 1859
1296183600 1289 211 1374 244
1296181800 1323 200 1421 226
1296180000 1183 191 1354 200
1296178200 731 183 869 212
1296176400 661 182 725 192
1296174600 669 178 768 205
1296172800 652 176 768 185
1296171000 643 180 670 202
1296169200 639 181 653 192
1296167400 633 179 653 195
1296165600 625 175 673 188
1296163800 848 178 1889 208
1296162000 670 179 755 189
1296160200 637 179 690 193
1296158400 619 179 641 193
1296156600 625 178 646 203
1296154800 618 174 664 193
1296153000 686 181 1003 198
1296151200 640 173 672 182
1296149400 703 169 790 226
1296147600 753 158 791 226
1296145800 738 154 794 207
1296144000 742 134 774 164
1296142200 759 136 785 175
1296140400 755 134 780 157
1296138600 749 138 803 184
1296136800 746 133 776 152
1296135000 750 143 767 155
1296133200 742 135 761 155
1296131400 742 142 780 164
1296129600 738 136 779 157
1296127800 735 144 766 169
1296126000 740 142 774 168
1296124200 1431 184 3811 546
1296122400 5285 1502 17538 5438
1296120600 1362 161 1457 243
1296118800 1464 153 1592 172
1296117000 1344 165 1556 186
1296115200 1672 162 1870 201
1296113400 1643 158 1841 166
1296111600 1779 163 1859 167
1296109800 1555 164 1736 174
1296108000 1595 161 1743 168
1296106200 1752 167 1860 184
1296104400 1292 176 1643 187
1296102600 1405 602 2454 1884
1296100800 2911 2175 4973 2864
1296099000 5774 5698 17431 25842
1296097200 1910 390 3269 1773
1296095400 1857 178 1980 194
1296093600 1352 173 2105 213
1296091800 701 165 776 191
1296090000 644 159 703 191
1296088200 689 168 838 215
1296086400 660 161 707 180
1296084600 662 162 687 180
1296082800 666 161 702 184
1296081000 656 162 733 189
1296079200 650 157 733 189
1296077400 635 157 662 181
1296075600 652 168 674 191
1296073800 666 158 787 174
1296072000 650 164 677 187
1296070200 642 161 672 181
1296068400 662 164 718 202
1296066600 649 158 673 182
1296064800 645 161 681 186
1296063000 637 159 667 176
1296061200 642 162 692 187
1296059400 645 165 672 196
1296057600 668 170 723 246
1296055800 667 163 710 188
1296054000 668 167 702 191
1296052200 659 156 697 175
1296050400 649 164 673 186
1296048600 691 166 916 270
1296046800 7013 5621 28881 30477
1296045000 2107 412 13809 1012
1296043200 4716 1071 13958 2701
1296036000 1345 992 2538 4011
1296028800 7479 1302 79151 7120
1296021600 903 159 1206 193
1296014400 1430 545 3241 2839
1296007200 710 215 953 1611
1296000000 585 153 657 178
1295992800 596 149 644 180
1295985600 591 149 668 173
1295978400 595 152 656 189
1295971200 674 159 2401 341
1295964000 684 274 2524 1967
1295956800 711 203 1347 695
1295949600 808 212 1312 621
1295942400 876 259 1449 505
1295935200 841 191 962 317
1295928000 1028 162 1258 324
1295920800 697 149 1023 193
1295913600 655 142 701 168
1295906400 654 143 789 172
1295899200 650 142 718 171
1295892000 644 143 676 173
1295884800 649 145 694 181
1295877600 3589 649 45591 3772
1295870400 2150 786 19929 2726
1295863200 771 173 897 199
1295856000 968 181 1505 232
1295848800 1048 180 1228 262
1295841600 1110 184 1543 245
1295834400 663 158 663 158
1295827200 663 158 663 158
1295820000 663 158 663 158
1295812800 663 158 663 158
1295805600 663 158 663 158
1295798400 663 158 663 158
1295791200 663 158 663 158
1295784000 663 158 663 158
1295776800 663 158 663 158
1295769600 663 158 663 158
1295762400 663 158 663 158
1295755200 663 158 663 158
1295748000 663 158 663 158
1295740800 663 158 663 158
1295733600 663 158 663 158
1295726400 663 158 663 158
1295719200 663 158 663 158
1295712000 663 158 663 158
1295704800 663 158 663 158
1295697600 663 158 773 226
1295690400 826 189 919 237
1295683200 824 192 901 251
1295676000 807 192 926 242
1295668800 813 194 899 245
1295661600 814 194 921 246
1295654400 855 190 1156 370
1295647200 812 150 884 183
1295640000 800 151 933 190
1295632800 838 155 932 187
1295625600 820 154 877 184
1295618400 811 155 867 191
1295611200 952 158 2577 190
1295604000 1061 411 1364 3207
1295596800 600350 751 14177527 2686
1295589600 2382 389 16527 1851
1295582400 1392 215 1965 376
1295575200 1025 176 1637 360
1295568000 810 142 890 197
1295560800 829 155 986 194
1295553600 831 152 981 179
1295546400 835 151 920 183
1295539200 827 152 917 178
1295532000 1159 392 4975 1816
1295524800 2472 705 6806 1764
1295517600 1693 1055 4641 5655
1295510400 1214 233 4788 712
1295503200 1227 616 3172 7706
1295496000 3808 870 44051 4082
1295488800 835 177 1189 244
1295481600 755 168 1038 257
1295474400 764 171 848 219
1295467200 760 174 891 231
1295460000 755 174 823 217
1295452800 751 173 843 225
1295445600 1042 314 3729 830
1295438400 1099 292 2064 558
1295431200 3473 634 33478 1768
1295424000 1490 1093 4308 16696
1295416800 1443 585 3305 1902
1295409600 987 591 987 591
1295402400 987 591 987 591
1295395200 987 591 987 591
1295388000 987 591 987 591
1295380800 987 591 987 591
1295373600 987 591 987 591
1295366400 987 591 987 591
1295359200 987 591 987 591
1295352000 818 596 987 712
1295344800 838 657 2675 985
1295337600 799 653 1831 925
1295330400 945 587 2323 714
1295323200 566 367 1651 932
1295316000 538 288 605 327
1295308800 537 287 568 321
1295301600 528 288 557 313
1295294400 526 289 544 318
1295287200 543 286 587 316
1295280000 532 281 557 302
1295272800 614 342 1865 934
1295265600 566 279 687 310
1295258400 819 318 1788 487
1295251200 1463 392 38208 2051
1295244000 5177 1676 38208 5402
1295236800 1777 460 6372 2237
1295229600 557 297 584 319
1295222400 559 296 597 335
1295215200 565 292 602 332
1295208000 567 297 598 331
1295200800 568 297 597 322
1295193600 590 297 635 325
1295186400 596 297 635 320
1295179200 596 296 654 327
1295172000 594 297 636 327
1295164800 574 299 617 326
1295157600 576 327 653 720
1295150400 572 300 607 355
1295143200 562 286 632 333
1295136000 562 283 619 332
1295128800 560 280 618 325
1295121600 572 298 628 336
1295114400 584 295 624 331
1295107200 593 294 659 327
1295100000 592 299 625 337
1295092800 592 295 622 325
1295085600 625 1287 1340 23652
1295078400 598 305 657 389
1295071200 597 295 653 337
1295064000 593 295 629 318
1295056800 571 295 607 318
1295049600 574 295 608 331
1295042400 573 291 625 327
1295035200 576 294 624 328
1295028000 583 287 612 317
1295020800 598 325 719 525
1295013600 577 294 627 322
1295006400 583 380 949 1016
1294999200 491 268 741 655
1294992000 627 246 3464 497
1294984800 2467 445 30393 1634
1294977600 3029 809 22784 3431
1294970400 479 239 604 1350
1294963200 476 213 526 258
1294956000 485 210 586 258
1294948800 473 211 507 254
1294941600 476 210 505 253
1294934400 478 210 537 259
1294927200 464 214 519 378
1294920000 911 604 7340 3149
1294912800 1484 1031 3808 4055
1294905600 1693 928 2148 4475
1294898400 1854 515 2827 748
1294891200 1920 491 5266 965
1294884000 1082 232 1558 306
1294876800 1023 224 1256 270
1294869600 1018 223 1068 321
1294862400 1044 225 1195 257
1294855200 1072 226 1195 266
1294848000 1050 265 1680 485
1294840800 3560 1472 9534 5496
1294833600 8546 3623 51453 49049
1294826400 6916 983 64769 3405
1294819200 6443 2535 22626 15138
1294812000 18641 13902 31450 19585
1294804800 19067 15902 27493 31047
1294797600 15712 14047 18293 15553
1294790400 15571 14076 16290 14761
1294783200 15503 14009 16385 14854
1294776000 15459 13955 16314 14804
1294768800 15577 14082 16491 14943
1294761600 15480 13973 16355 14797
1294754400 15833 14130 18295 15024
1294747200 13630 12049 16533 14808
1294740000 12409 10653 14186 13190
1294732800 15365 11819 44667 18843
1294725600 2126 1177 14469 13414
1294718400 2147 1244 10415 5767
1294711200 276 63 390 93
1294704000 251 58 272 72
1294696800 299 63 349 97
1294689600 334 55 379 89
1294682400 332 64 391 110
1294675200 322 58 385 70
1294668000 341 66 487 154
1294660800 1558 634 6258 2146
1294653600 1107 733 1279 915
1294646400 994 688 1265 1439
1294639200 4550 2728 73839 80368
1294632000 9848 11773 17280 80368
1294624800 5793 5471 6277 5913
1294617600 4741 2048 55491 7086
1294610400 348 219 371 251
1294603200 352 230 466 438
1294596000 349 222 402 296
1294588800 363 218 404 259
1294581600 370 220 399 261
1294574400 367 216 388 256
1294567200 368 218 389 253
1294560000 372 222 403 274
1294552800 464 418 730 875
1294545600 346 220 374 266
1294538400 351 224 427 348
1294531200 347 214 381 260
1294524000 415 287 720 662
1294516800 350 221 397 305
1294509600 349 218 385 265
1294502400 369 223 512 498
1294495200 369 218 396 252
1294488000 372 224 456 370
1294480800 355 217 410 273
1294473600 368 218 421 274
1294466400 347 217 392 269
1294459200 347 219 395 326
1294452000 345 216 380 271
1294444800 346 215 399 273
1294437600 345 214 383 239
1294430400 369 260 710 894
1294423200 354 235 528 562
1294416000 354 232 468 488
1294408800 334 216 378 271
1294401600 447 271 1121 711
1294394400 1063 710 1351 740
1294387200 1074 745 1134 989
1294380000 619 629 1175 1024
1294372800 370 400 529 434
1294365600 348 371 481 405
1294358400 319 353 341 371
1294351200 320 353 339 368
1294344000 321 353 340 370
1294336800 322 356 335 383
1294329600 322 360 339 403
1294322400 310 371 334 438
1294315200 538 534 1078 1000
1294308000 949 973 975 1017
1294300800 789 745 3055 1040
1294293600 1070 961 3055 1040
1294286400 1071 930 1418 1005
1294279200 408 380 1514 1452
1294272000 337 310 375 339
1294264800 337 310 358 356
1294257600 338 305 365 325
1294250400 336 304 357 321
1294243200 9891 7296 43239 20544
1294236000 15804 12319 64279 26149
1294228800 994 582 7350 1759
1294221600 833 359 5287 1285
1294214400 468 265 553 309
1294207200 505 258 3818 952
1294200000 4950 1033 14615 2058
1294192800 1947 726 2237 786
1294185600 1936 717 2089 758
1294178400 1961 718 2114 757
1294171200 1956 715 2076 750
1294164000 1970 715 2080 755
1294156800 2184 747 5280 882
1294149600 4862 1091 13837 3116
1294142400 5125 2013 7328 3219
1294135200 2140 1850 6429 2169
1294128000 2512 1312 6547 4795
1294120800 2963 1143 8001 2660
1294113600 1147 404 3002 851
1294106400 0 0 0 0
1294099200 0 0 0 0
1294092000 0 0 0 0
1294084800 0 0 0 0
1294077600 0 0 0 0
1294070400 0 0 0 0
1294063200 0 0 0 0
1294056000 0 0 0 0
1294048800 94 22 2159 503
1294041600 8708 1692 49571 4521
1294034400 9839 2951 39828 24533
1294027200 5002 1616 19455 4241
1294020000 2080 796 2258 868
1294012800 2042 961 2300 4305
1294005600 1966 826 2246 1977
1293998400 1917 767 2075 836
1293991200 1949 778 2050 824
1293984000 1962 774 2111 823
1293976800 1912 769 2079 833
1293969600 1955 777 2085 849
1293962400 1947 777 2093 828
1293955200 1942 776 2090 819
1293948000 1932 774 2100 841
1293940800 1946 773 2068 848
1293933600 1947 774 2097 848
1293926400 1934 760 2106 825
1293919200 1935 757 2131 835
1293912000 1967 777 2070 826
1293904800 1973 778 2085 831
1293897600 1988 776 2104 840
1293890400 1993 780 2126 834
1293883200 1999 782 2091 836
1293876000 1991 777 2080 844
1293868800 1989 778 2082 895
1293861600 1984 778 2079 1016
1293854400 2037 931 2413 2019
1293847200 1973 780 2059 836
1293840000 1962 773 2076 817
1293832800 1959 773 2073 822
1293825600 1980 781 2068 838
1293818400 1961 776 2079 834
1293811200 1970 773 2062 818
1293804000 1998 778 2117 843
1293796800 2057 787 2498 845
1293789600 4332 926 5633 1028
1293782400 4851 945 5791 1052
1293775200 4964 1285 6145 2373
1293768000 5415 1615 12920 4549
1293760800 6578 996 51821 1871
1293753600 4635 1309 48964 3920
1293746400 3146 1297 48236 1825
1293739200 1968 519 47905 1959
1293732000 529 425 560 477
1293724800 573 422 695 467
1293717600 693 433 807 500
1293710400 729 418 1559 505
1293703200 737 415 846 467
1293696000 716 396 860 508
1293688800 704 391 758 626
1293681600 750 379 860 409
1293674400 727 391 858 447
1293667200 684 376 722 403
1293660000 679 375 708 405
1293652800 676 375 706 401
1293645600 673 372 705 399
1293638400 696 369 738 407
1293631200 1729 1750 3156 28621
1293624000 1541 775 8037 2508
1293616800 3283 1004 28782 5002
1293609600 788 384 1008 474
1293602400 774 387 921 648
1293595200 814 376 1175 417
1293588000 689 353 875 443
1293580800 628 328 663 351
1293573600 642 327 678 350
1293566400 636 327 665 360
1293559200 629 328 674 357
1293552000 636 322 672 349
1293544800 620 322 655 356
1293537600 2797 469 46718 1362
1293530400 720 483 1601 3115
1293523200 968 559 5216 2645
1293516000 7365 1682 105347 18968
1293508800 1287 1058 2748 3954
1293501600 178696 355597 4081931 8144841
1293494400 671 391 710 435
1293487200 676 394 712 471
1293480000 679 396 711 458
1293472800 670 394 705 458
1293465600 683 399 732 456
1293458400 672 422 703 451
1293451200 730 407 1863 466
1293444000 698 385 830 419
1293436800 731 388 1071 433
1293429600 751 391 821 426
1293422400 883 455 1463 907
1293415200 741 416 1014 451
1293408000 679 411 721 446
1293400800 676 408 716 446
1293393600 680 413 703 462
1293386400 672 413 705 449
1293379200 695 410 733 439
1293372000 692 414 732 446
1293364800 698 409 735 442
1293357600 700 413 730 463
1293350400 700 411 729 453
1293343200 702 411 737 447
1293336000 704 412 729 453
1293328800 697 406 724 452
1293321600 694 404 739 446
1293314400 695 404 749 455
1293307200 700 408 749 440
1293300000 694 409 739 466
1293292800 685 412 717 439
1293285600 681 411 704 454
1293278400 678 410 732 454
1293271200 684 411 724 464
1293264000 681 412 708 455
1293256800 686 411 715 462
1293249600 675 411 716 458
1293242400 682 411 708 445
1293235200 674 410 717 444
1293228000 680 411 720 446
1293220800 683 413 715 475
1293213600 682 408 710 455
1293206400 679 402 715 440
1293199200 707 433 870 555
1293192000 2292 659 23091 2625
1293184800 814 470 920 557
1293177600 2566 924 35403 7455
1293170400 5987 989 30155 2270
1293163200 1185 957 4633 5364
1293156000 9839 646 213145 5753
1293148800 638 408 675 452
1293141600 642 414 688 451
1293134400 640 410 694 439
1293127200 644 410 693 448
1293120000 755 445 3282 925
1293112800 666 420 715 470
1293105600 906 472 4740 1617
1293098400 4949 844 57577 3112
1293091200 844 460 1311 887
1293084000 760 564 2207 3460
1293076800 1666 836 7389 1775
1293069600 708 469 875 584
1293062400 667 424 702 449
1293055200 661 422 702 447
1293048000 667 427 722 467
1293040800 667 428 709 466
1293033600 675 437 763 492
1293026400 41690 1857 338861 7833
1293019200 95161 4160 740364 19263
1293012000 5222 950 63326 5139
1293004800 2481 530 38986 1747
1292997600 1043 485 7457 1071
1292990400 59693 104027 588676 878539
1292983200 731 472 947 604
1292976000 629 381 680 408
1292968800 631 384 662 433
1292961600 632 387 680 425
1292954400 633 386 668 422
1292947200 8944 1011 34528 1775
1292940000 4943 875 28352 2271
1292932800 0 0 0 0
1292925600 0 0 0 0
1292918400 0 0 0 0
1292911200 0 0 0 0
1292904000 0 0 0 0
1292896800 0 0 0 0
1292889600 0 0 0 0
1292882400 0 0 0 0
1292875200 0 0 0 0
1292868000 0 0 0 0
1292860800 0 0 0 0
1292853600 0 0 0 0
1292846400 0 0 0 0
1292839200 0 0 0 0
1292832000 0 0 0 0
1292824800 0 0 0 0
1292817600 0 0 0 0
1292810400 0 0 0 0
1292803200 0 0 0 0
1292796000 0 0 0 0
1292788800 0 0 0 0
1292781600 0 0 0 0
1292774400 0 0 0 0
1292767200 0 0 0 0
1292760000 0 0 0 0
1292752800 0 0 0 0
1292745600 0 0 0 0
1292738400 0 0 0 0
1292731200 0 0 0 0
1292724000 0 0 0 0
1292716800 0 0 0 0
1292709600 0 0 0 0
1292702400 0 0 0 0
1292695200 0 0 0 0
1292688000 0 0 0 0
1292680800 0 0 0 0
1292673600 0 0 0 0
1292666400 0 0 0 0
1292659200 0 0 0 0
1292652000 0 0 0 0
1292644800 0 0 0 0
1292637600 0 0 0 0
1292630400 0 0 0 0
1292623200 0 0 0 0
1292616000 0 0 0 0
1292608800 0 0 0 0
1292601600 0 0 0 0
1292594400 0 0 0 0
1292587200 0 0 0 0
1292580000 0 0 0 0
1292572800 0 0 0 0
1292565600 0 0 0 0
1292558400 0 0 0 0
1292551200 0 0 0 0
1292544000 0 0 0 0
1292536800 0 0 0 0
1292529600 0 0 0 0
1292522400 0 0 0 0
1292515200 0 0 0 0
1292508000 0 0 0 0
1292500800 0 0 0 0
1292493600 0 0 0 0
1292486400 0 0 0 0
1292479200 0 0 0 0
1292472000 0 0 0 0
1292464800 0 0 0 0
1292457600 0 0 0 0
1292450400 0 0 0 0
1292443200 0 0 0 0
1292436000 0 0 0 0
1292428800 0 0 0 0
1292421600 0 0 0 0
1292414400 0 0 0 0
1292407200 0 0 0 0
1292400000 0 0 0 0
1292392800 0 0 0 0
1292385600 0 0 0 0
1292378400 0 0 0 0
1292371200 0 0 0 0
1292364000 0 0 0 0
1292356800 0 0 0 0
1292349600 0 0 0 0
1292342400 0 0 0 0
1292335200 0 0 0 0
1292328000 0 0 0 0
1292320800 0 0 0 0
1292313600 0 0 0 0
1292306400 0 0 0 0
1292299200 0 0 0 0
1292292000 0 0 0 0
1292284800 0 0 0 0
1292277600 0 0 0 0
1292270400 0 0 0 0
1292263200 0 0 0 0
1292256000 0 0 0 0
1292248800 0 0 0 0
1292241600 0 0 0 0
1292234400 0 0 0 0
1292227200 0 0 0 0
1292220000 0 0 0 0
1292212800 0 0 0 0
1292205600 0 0 0 0
1292198400 0 0 0 0
1292191200 0 0 0 0
1292184000 0 0 0 0
1292176800 0 0 0 0
1292169600 0 0 0 0
1292162400 0 0 0 0
1292155200 0 0 0 0
1292148000 0 0 0 0
1292140800 0 0 0 0
1292133600 0 0 0 0
1292126400 0 0 0 0
1292119200 0 0 0 0
1292112000 0 0 0 0
1292104800 0 0 0 0
1292097600 0 0 0 0
1292090400 0 0 0 0
1292083200 0 0 0 0
1292076000 0 0 0 0
1292068800 0 0 0 0
1292061600 0 0 0 0
1292054400 0 0 0 0
1292047200 0 0 0 0
1292040000 0 0 0 0
1292032800 0 0 0 0
1292025600 0 0 0 0
1292018400 0 0 0 0
1292011200 0 0 0 0
1292004000 0 0 0 0
1291996800 0 0 0 0
1291989600 0 0 0 0
1291982400 0 0 0 0
1291975200 0 0 0 0
1291968000 0 0 0 0
1291960800 0 0 0 0
1291953600 0 0 0 0
1291946400 0 0 0 0
1291939200 0 0 0 0
1291932000 0 0 0 0
1291924800 0 0 0 0
1291917600 0 0 0 0
1291910400 0 0 0 0
1291903200 0 0 0 0
1291896000 0 0 0 0
1291888800 0 0 0 0
1291881600 0 0 0 0
1291874400 0 0 0 0
1291867200 0 0 0 0
1291860000 0 0 0 0
1291852800 0 0 0 0
1291845600 0 0 0 0
1291838400 0 0 0 0
1291831200 0 0 0 0
1291824000 0 0 0 0
1291816800 0 0 0 0
1291809600 0 0 0 0
1291802400 0 0 0 0
1291795200 0 0 0 0
1291788000 0 0 0 0
1291780800 0 0 0 0
1291773600 0 0 0 0
1291766400 0 0 0 0
1291759200 0 0 0 0
1291752000 0 0 0 0
1291744800 0 0 0 0
1291737600 0 0 0 0
1291730400 0 0 0 0
1291723200 0 0 0 0
1291680000 0 0 0 0
1291593600 0 0 0 0
1291507200 0 0 0 0
1291420800 0 0 0 0
1291334400 0 0 0 0
1291248000 0 0 0 0
1291161600 0 0 0 0
1291075200 0 0 0 0
1290988800 0 0 0 0
1290902400 0 0 0 0
1290816000 0 0 0 0
1290729600 0 0 0 0
1290643200 0 0 0 0
1290556800 0 0 0 0
1290470400 0 0 0 0
1290384000 0 0 0 0
1290297600 0 0 0 0
1290211200 0 0 0 0
1290124800 0 0 0 0
1290038400 0 0 0 0
1289952000 0 0 0 0
1289865600 0 0 0 0
1289779200 0 0 0 0
1289692800 0 0 0 0
1289606400 0 0 0 0
1289520000 0 0 0 0
1289433600 0 0 0 0
1289347200 0 0 0 0
1289260800 0 0 0 0
1289174400 0 0 0 0
1289088000 0 0 0 0
1289001600 0 0 0 0
1288915200 0 0 0 0
1288828800 0 0 0 0
1288742400 0 0 0 0
1288656000 0 0 0 0
1288569600 0 0 0 0
1288483200 0 0 0 0
1288396800 0 0 0 0
1288310400 0 0 0 0
1288224000 0 0 0 0
1288137600 0 0 0 0
1288051200 0 0 0 0
1287964800 0 0 0 0
1287878400 0 0 0 0
1287792000 0 0 0 0
1287705600 0 0 0 0
1287619200 0 0 0 0
1287532800 0 0 0 0
1287446400 0 0 0 0
1287360000 0 0 0 0
1287273600 0 0 0 0
1287187200 0 0 0 0
1287100800 0 0 0 0
1287014400 0 0 0 0
1286928000 0 0 0 0
1286841600 0 0 0 0
1286755200 0 0 0 0
1286668800 0 0 0 0
1286582400 0 0 0 0
1286496000 0 0 0 0
1286409600 0 0 0 0
1286323200 0 0 0 0
1286236800 0 0 0 0
1286150400 0 0 0 0
1286064000 0 0 0 0
1285977600 0 0 0 0
1285891200 0 0 0 0
1285804800 0 0 0 0
1285718400 0 0 0 0
1285632000 0 0 0 0
1285545600 0 0 0 0
1285459200 0 0 0 0
1285372800 0 0 0 0
1285286400 0 0 0 0
1285200000 0 0 0 0
1285113600 0 0 0 0
1285027200 0 0 0 0
1284940800 0 0 0 0
1284854400 0 0 0 0
1284768000 0 0 0 0
1284681600 0 0 0 0
1284595200 0 0 0 0
1284508800 0 0 0 0
1284422400 0 0 0 0
1284336000 0 0 0 0
1284249600 0 0 0 0
1284163200 0 0 0 0
1284076800 0 0 0 0
1283990400 0 0 0 0
1283904000 0 0 0 0
1283817600 0 0 0 0
1283731200 0 0 0 0
1283644800 0 0 0 0
1283558400 0 0 0 0
1283472000 0 0 0 0
1283385600 0 0 0 0
1283299200 0 0 0 0
1283212800 0 0 0 0
1283126400 0 0 0 0
1283040000 0 0 0 0
1282953600 0 0 0 0
1282867200 0 0 0 0
1282780800 0 0 0 0
1282694400 0 0 0 0
1282608000 0 0 0 0
1282521600 0 0 0 0
1282435200 0 0 0 0
1282348800 0 0 0 0
1282262400 0 0 0 0
1282176000 0 0 0 0
1282089600 0 0 0 0
1282003200 0 0 0 0
1281916800 0 0 0 0
1281830400 0 0 0 0
1281744000 0 0 0 0
1281657600 0 0 0 0
1281571200 0 0 0 0
1281484800 0 0 0 0
1281398400 0 0 0 0
1281312000 0 0 0 0
1281225600 0 0 0 0
1281139200 0 0 0 0
1281052800 0 0 0 0
1280966400 0 0 0 0
1280880000 0 0 0 0
1280793600 0 0 0 0
1280707200 0 0 0 0
1280620800 0 0 0 0
1280534400 0 0 0 0
1280448000 0 0 0 0
1280361600 0 0 0 0
1280275200 0 0 0 0
1280188800 0 0 0 0
1280102400 0 0 0 0
1280016000 0 0 0 0
1279929600 0 0 0 0
1279843200 0 0 0 0
1279756800 0 0 0 0
1279670400 0 0 0 0
1279584000 0 0 0 0
1279497600 0 0 0 0
1279411200 0 0 0 0
1279324800 0 0 0 0
1279238400 0 0 0 0
1279152000 0 0 0 0
1279065600 0 0 0 0
1278979200 0 0 0 0
1278892800 0 0 0 0
1278806400 0 0 0 0
1278720000 0 0 0 0
1278633600 0 0 0 0
1278547200 0 0 0 0
1278460800 0 0 0 0
1278374400 0 0 0 0
1278288000 0 0 0 0
1278201600 0 0 0 0
1278115200 0 0 0 0
1278028800 0 0 0 0
1277942400 0 0 0 0
1277856000 0 0 0 0
1277769600 0 0 0 0
1277683200 0 0 0 0
1277596800 0 0 0 0
1277510400 0 0 0 0
1277424000 0 0 0 0
1277337600 0 0 0 0
1277251200 0 0 0 0
1277164800 0 0 0 0
1277078400 0 0 0 0
1276992000 0 0 0 0
1276905600 0 0 0 0
1276819200 0 0 0 0
1276732800 0 0 0 0
1276646400 0 0 0 0
1276560000 0 0 0 0
1276473600 0 0 0 0
1276387200 0 0 0 0
1276300800 0 0 0 0
1276214400 0 0 0 0
1276128000 0 0 0 0
1276041600 0 0 0 0
1275955200 0 0 0 0
1275868800 0 0 0 0
1275782400 0 0 0 0
1275696000 0 0 0 0
1275609600 0 0 0 0
1275523200 0 0 0 0
1275436800 0 0 0 0
1275350400 0 0 0 0
1275264000 0 0 0 0
1275177600 0 0 0 0
1275091200 0 0 0 0
1275004800 0 0 0 0
1274918400 0 0 0 0
1274832000 0 0 0 0
1274745600 0 0 0 0
1274659200 0 0 0 0
1274572800 0 0 0 0
1274486400 0 0 0 0
1274400000 0 0 0 0
1274313600 0 0 0 0
1274227200 0 0 0 0
1274140800 0 0 0 0
1274054400 0 0 0 0
1273968000 0 0 0 0
1273881600 0 0 0 0
1273795200 0 0 0 0
1273708800 0 0 0 0
1273622400 0 0 0 0
1273536000 0 0 0 0
1273449600 0 0 0 0
1273363200 0 0 0 0
1273276800 0 0 0 0
1273190400 0 0 0 0
1273104000 0 0 0 0
1273017600 0 0 0 0
1272931200 0 0 0 0
1272844800 0 0 0 0
1272758400 0 0 0 0
1272672000 0 0 0 0
1272585600 0 0 0 0
1272499200 0 0 0 0
1272412800 0 0 0 0
1272326400 0 0 0 0
1272240000 0 0 0 0
1272153600 0 0 0 0
1272067200 0 0 0 0
1271980800 0 0 0 0
1271894400 0 0 0 0
1271808000 0 0 0 0
1271721600 0 0 0 0
1271635200 0 0 0 0
1271548800 0 0 0 0
1271462400 0 0 0 0
1271376000 0 0 0 0
1271289600 0 0 0 0
1271203200 0 0 0 0
1271116800 0 0 0 0
1271030400 0 0 0 0
1270944000 0 0 0 0
1270857600 0 0 0 0
1270771200 0 0 0 0
1270684800 0 0 0 0
1270598400 0 0 0 0
1270512000 0 0 0 0
1270425600 0 0 0 0
1270339200 0 0 0 0
1270252800 0 0 0 0
1270166400 0 0 0 0
1270080000 0 0 0 0
1269993600 0 0 0 0
1269907200 0 0 0 0
1269820800 0 0 0 0
1269734400 0 0 0 0
1269648000 0 0 0 0
1269561600 0 0 0 0
1269475200 0 0 0 0
1269388800 0 0 0 0
1269302400 0 0 0 0
1269216000 0 0 0 0
1269129600 0 0 0 0
1269043200 0 0 0 0
1268956800 0 0 0 0
1268870400 0 0 0 0
1268784000 0 0 0 0
1268697600 0 0 0 0
1268611200 0 0 0 0
1268524800 0 0 0 0
1268438400 0 0 0 0
1268352000 0 0 0 0
1268265600 0 0 0 0
1268179200 0 0 0 0
1268092800 0 0 0 0
1268006400 0 0 0 0
1267920000 0 0 0 0
1267833600 0 0 0 0
1267747200 0 0 0 0
1267660800 0 0 0 0
1267574400 0 0 0 0
1267488000 0 0 0 0
1267401600 0 0 0 0
1267315200 0 0 0 0
1267228800 0 0 0 0
1267142400 0 0 0 0
1267056000 0 0 0 0
1266969600 0 0 0 0
1266883200 0 0 0 0
1266796800 0 0 0 0
1266710400 0 0 0 0
1266624000 0 0 0 0
1266537600 0 0 0 0
1266451200 0 0 0 0
1266364800 0 0 0 0
1266278400 0 0 0 0
1266192000 0 0 0 0
1266105600 0 0 0 0
1266019200 0 0 0 0
1265932800 0 0 0 0
1265846400 0 0 0 0
1265760000 0 0 0 0
1265673600 0 0 0 0
1265587200 0 0 0 0
1265500800 0 0 0 0
1265414400 0 0 0 0
1265328000 0 0 0 0
1265241600 0 0 0 0
1265155200 0 0 0 0
1265068800 0 0 0 0
1264982400 0 0 0 0
1264896000 0 0 0 0
1264809600 0 0 0 0
1264723200 0 0 0 0
1264636800 0 0 0 0
1264550400 0 0 0 0
1264464000 0 0 0 0
1264377600 0 0 0 0
1264291200 0 0 0 0
1264204800 0 0 0 0
1264118400 0 0 0 0
1264032000 0 0 0 0
1263945600 0 0 0 0
1263859200 0 0 0 0
1263772800 0 0 0 0
1263686400 0 0 0 0
1263600000 0 0 0 0
1263513600 0 0 0 0
1263427200 0 0 0 0
1263340800 0 0 0 0
1263254400 0 0 0 0
1263168000 0 0 0 0
1263081600 0 0 0 0
1262995200 0 0 0 0
1262908800 0 0 0 0
1262822400 0 0 0 0
1262736000 0 0 0 0
1262649600 0 0 0 0
1262563200 0 0 0 0
1262476800 0 0 0 0
1262390400 0 0 0 0
1262304000 0 0 0 0
1262217600 0 0 0 0
1262131200 0 0 0 0
1262044800 0 0 0 0
1261958400 0 0 0 0
1261872000 0 0 0 0
1261785600 0 0 0 0
1261699200 0 0 0 0
1261612800 0 0 0 0
1261526400 0 0 0 0
1261440000 0 0 0 0
1261353600 0 0 0 0
1261267200 0 0 0 0
1261180800 0 0 0 0
1261094400 0 0 0 0
1261008000 0 0 0 0
1260921600 0 0 0 0
1260835200 0 0 0 0
1260748800 0 0 0 0
1260662400 0 0 0 0
1260576000 0 0 0 0
1260489600 0 0 0 0
1260403200 0 0 0 0
1260316800 0 0 0 0
1260230400 0 0 0 0
1260144000 0 0 0 0
1260057600 0 0 0 0
1259971200 0 0 0 0
1259884800 0 0 0 0
1259798400 0 0 0 0
1259712000 0 0 0 0
1259625600 0 0 0 0
1259539200 0 0 0 0
1259452800 0 0 0 0
1259366400 0 0 0 0
1259280000 0 0 0 0
1259193600 0 0 0 0
1259107200 0 0 0 0
1259020800 0 0 0 0
1258934400 0 0 0 0
1258848000 0 0 0 0
1258761600 0 0 0 0
1258675200 0 0 0 0
1258588800 0 0 0 0
1258502400 0 0 0 0
1258416000 0 0 0 0
1258329600 0 0 0 0
1258243200 0 0 0 0
1258156800 0 0 0 0
1258070400 0 0 0 0
1257984000 0 0 0 0
1257897600 0 0 0 0
1257811200 0 0 0 0
1257724800 0 0 0 0
1257638400 0 0 0 0
1257552000 0 0 0 0
1257465600 0 0 0 0
1257379200 0 0 0 0
1257292800 0 0 0 0
1257206400 0 0 0 0
1257120000 0 0 0 0
1257033600 0 0 0 0
1256947200 0 0 0 0
1256860800 0 0 0 0
1256774400 0 0 0 0
1256688000 0 0 0 0
1256601600 0 0 0 0
1256515200 0 0 0 0
1256428800 0 0 0 0
1256342400 0 0 0 0
1256256000 0 0 0 0
1256169600 0 0 0 0
1256083200 0 0 0 0
1255996800 0 0 0 0
1255910400 0 0 0 0
1255824000 0 0 0 0
1255737600 0 0 0 0
1255651200 0 0 0 0
1255564800 0 0 0 0
1255478400 0 0 0 0
1255392000 0 0 0 0
1255305600 0 0 0 0
1255219200 0 0 0 0
1255132800 0 0 0 0
1255046400 0 0 0 0
1254960000 0 0 0 0
1254873600 0 0 0 0
1254787200 0 0 0 0
1254700800 0 0 0 0
1254614400 0 0 0 0
1254528000 0 0 0 0
1254441600 0 0 0 0
1254355200 0 0 0 0
1254268800 0 0 0 0
1254182400 0 0 0 0
1254096000 0 0 0 0
1254009600 0 0 0 0
1253923200 0 0 0 0
1253836800 0 0 0 0
1253750400 0 0 0 0
1253664000 0 0 0 0
1253577600 0 0 0 0
1253491200 0 0 0 0
1253404800 0 0 0 0
1253318400 0 0 0 0
1253232000 0 0 0 0
1253145600 0 0 0 0
1253059200 0 0 0 0
1252972800 0 0 0 0
1252886400 0 0 0 0
1252800000 0 0 0 0
1252713600 0 0 0 0
1252627200 0 0 0 0
1252540800 0 0 0 0
1252454400 0 0 0 0
1252368000 0 0 0 0
1252281600 0 0 0 0
1252195200 0 0 0 0
1252108800 0 0 0 0
1252022400 0 0 0 0
1251936000 0 0 0 0
1251849600 0 0 0 0
1251763200 0 0 0 0
1251676800 0 0 0 0
1251590400 0 0 0 0
1251504000 0 0 0 0
1251417600 0 0 0 0
1251331200 0 0 0 0
1251244800 0 0 0 0
1251158400 0 0 0 0
1251072000 0 0 0 0
1250985600 0 0 0 0
1250899200 0 0 0 0
1250812800 0 0 0 0
1250726400 0 0 0 0
1250640000 0 0 0 0
1250553600 0 0 0 0
1250467200 0 0 0 0
1250380800 0 0 0 0
1250294400 0 0 0 0
1250208000 0 0 0 0
1250121600 0 0 0 0
1250035200 0 0 0 0
1249948800 0 0 0 0
1249862400 0 0 0 0
1249776000 0 0 0 0
1249689600 0 0 0 0
1249603200 0 0 0 0
1249516800 0 0 0 0
1249430400 0 0 0 0
1249344000 0 0 0 0
1249257600 0 0 0 0
1249171200 0 0 0 0
1249084800 0 0 0 0
1248998400 0 0 0 0
1248912000 0 0 0 0
1248825600 0 0 0 0
1248739200 0 0 0 0
1248652800 0 0 0 0
1248566400 0 0 0 0
1248480000 0 0 0 0
1248393600 0 0 0 0
1248307200 0 0 0 0
1248220800 0 0 0 0
1248134400 0 0 0 0
1248048000 0 0 0 0
1247961600 0 0 0 0
1247875200 0 0 0 0
1247788800 0 0 0 0
1247702400 0 0 0 0
1247616000 0 0 0 0
1247529600 0 0 0 0
1247443200 0 0 0 0
1247356800 0 0 0 0
1247270400 0 0 0 0
1247184000 0 0 0 0
1247097600 0 0 0 0
1247011200 0 0 0 0
1246924800 0 0 0 0
1246838400 0 0 0 0
1246752000 0 0 0 0
1246665600 0 0 0 0
1246579200 0 0 0 0
1246492800 0 0 0 0
1246406400 0 0 0 0
1246320000 0 0 0 0
1246233600 0 0 0 0
1246147200 0 0 0 0
1246060800 0 0 0 0
1245974400 0 0 0 0
1245888000 0 0 0 0
1245801600 0 0 0 0
1245715200 0 0 0 0
1245628800 0 0 0 0
1245542400 0 0 0 0
1245456000 0 0 0 0
1245369600 0 0 0 0
1245283200 0 0 0 0
1245196800 0 0 0 0
1245110400 0 0 0 0
1245024000 0 0 0 0
1244937600 0 0 0 0
1244851200 0 0 0 0
1244764800 0 0 0 0
1244678400 0 0 0 0
1244592000 0 0 0 0
1244505600 0 0 0 0
1244419200 0 0 0 0
1244332800 0 0 0 0
1244246400 0 0 0 0
1244160000 0 0 0 0
1244073600 0 0 0 0
1243987200 0 0 0 0
1243900800 0 0 0 0
1243814400 0 0 0 0
1243728000 0 0 0 0
1243641600 0 0 0 0
1243555200 0 0 0 0
1243468800 0 0 0 0
1243382400 0 0 0 0
1243296000 0 0 0 0
1243209600 0 0 0 0
1243123200 0 0 0 0
1243036800 0 0 0 0
1242950400 0 0 0 0
1242864000 0 0 0 0
1242777600 0 0 0 0
1242691200 0 0 0 0
1242604800 0 0 0 0
1242518400 0 0 0 0
1242432000 0 0 0 0
1242345600 0 0 0 0
1242259200 0 0 0 0
1242172800 0 0 0 0
1242086400 0 0 0 0
1242000000 0 0 0 0
1241913600 0 0 0 0
1241827200 0 0 0 0
1241740800 0 0 0 0
1241654400 0 0 0 0
1241568000 0 0 0 0
1241481600 0 0 0 0
1241395200 0 0 0 0
1241308800 0 0 0 0
1241222400 0 0 0 0
1241136000 0 0 0 0
1241049600 0 0 0 0
1240963200 0 0 0 0
1240876800 0 0 0 0
1240790400 0 0 0 0
1240704000 0 0 0 0
1240617600 0 0 0 0
1240531200 0 0 0 0
1240444800 0 0 0 0
1240358400 0 0 0 0
1240272000 0 0 0 0
1240185600 0 0 0 0
1240099200 0 0 0 0
1240012800 0 0 0 0
1239926400 0 0 0 0
1239840000 0 0 0 0
1239753600 0 0 0 0
1239667200 0 0 0 0
1239580800 0 0 0 0
1239494400 0 0 0 0
1239408000 0 0 0 0
1239321600 0 0 0 0
1239235200 0 0 0 0
1239148800 0 0 0 0
1239062400 0 0 0 0
1238976000 0 0 0 0
1238889600 0 0 0 0
1238803200 0 0 0 0
1238716800 0 0 0 0
1238630400 0 0 0 0
1238544000 0 0 0 0
1238457600 0 0 0 0
1238371200 0 0 0 0
1238284800 0 0 0 0
1238198400 0 0 0 0
1238112000 0 0 0 0
1238025600 0 0 0 0
1237939200 0 0 0 0
1237852800 0 0 0 0
1237766400 0 0 0 0
1237680000 0 0 0 0
1237593600 0 0 0 0
1237507200 0 0 0 0
1237420800 0 0 0 0
1237334400 0 0 0 0
1237248000 0 0 0 0
1237161600 0 0 0 0
1237075200 0 0 0 0
1236988800 0 0 0 0
1236902400 0 0 0 0
1236816000 0 0 0 0
1236729600 0 0 0 0
1236643200 0 0 0 0
1236556800 0 0 0 0
1236470400 0 0 0 0
1236384000 0 0 0 0
1236297600 0 0 0 0
1236211200 0 0 0 0
1236124800 0 0 0 0
1236038400 0 0 0 0
1235952000 0 0 0 0
1235865600 0 0 0 0
1235779200 0 0 0 0
1235692800 0 0 0 0
1235606400 0 0 0 0
1235520000 0 0 0 0
1235433600 0 0 0 0
1235347200 0 0 0 0
1235260800 0 0 0 0
1235174400 0 0 0 0
1235088000 0 0 0 0
1235001600 0 0 0 0
1234915200 0 0 0 0
1234828800 0 0 0 0
1234742400 0 0 0 0
1234656000 0 0 0 0
1234569600 0 0 0 0
1234483200 0 0 0 0
1234396800 0 0 0 0
1234310400 0 0 0 0
1234224000 0 0 0 0
1234137600 0 0 0 0
1234051200 0 0 0 0
1233964800 0 0 0 0
1233878400 0 0 0 0
1233792000 0 0 0 0
1233705600 0 0 0 0
1233619200 0 0 0 0
1233532800 0 0 0 0
1233446400 0 0 0 0
1233360000 0 0 0 0
1233273600 0 0 0 0
1233187200 0 0 0 0
1233100800 0 0 0 0
1233014400 0 0 0 0
1232928000 0 0 0 0
1232841600 0 0 0 0
1232755200 0 0 0 0
1232668800 0 0 0 0
1232582400 0 0 0 0
1232496000 0 0 0 0
1232409600 0 0 0 0
1232323200 0 0 0 0
1232236800 0 0 0 0
1232150400 0 0 0 0
1232064000 0 0 0 0
1231977600 0 0 0 0
1231891200 0 0 0 0
1231804800 0 0 0 0
1231718400 0 0 0 0
1231632000 0 0 0 0
1231545600 0 0 0 0
1231459200 0 0 0 0
1231372800 0 0 0 0
1231286400 0 0 0 0
1231200000 0 0 0 0
1231113600 0 0 0 0
1231027200 0 0 0 0
1230940800 0 0 0 0
1230854400 0 0 0 0
1230768000 0 0 0 0
1230681600 0 0 0 0
1230595200 0 0 0 0
1230508800 0 0 0 0
1230422400 0 0 0 0
1230336000 0 0 0 0
1230249600 0 0 0 0
1230163200 0 0 0 0
1230076800 0 0 0 0
1229990400 0 0 0 0
1229904000 0 0 0 0
1229817600 0 0 0 0
1229731200 0 0 0 0
1229644800 0 0 0 0
1229558400 0 0 0 0
1229472000 0 0 0 0
1229385600 0 0 0 0
1229299200 0 0 0 0
1229212800 0 0 0 0
1229126400 0 0 0 0
1229040000 0 0 0 0
1228953600 0 0 0 0
1228867200 0 0 0 0
1228780800 0 0 0 0
1228694400 0 0 0 0
1228608000 0 0 0 0
1228521600 0 0 0 0
